 
 
 DMC run started.
 Date : 20220506
 Time : 192547.088
 
 
 ---------------------------------------------------
 Reading : 
 DMC.in                                                                         
  
 Output will be saved in : 
 DMC.out                                                                        
  
 
Number of processes      :              1
Number of atoms          :            128
Number of walkers        :            100
Max num of walkers       :         100000
Number of eq. iterations :            100
Number of samples        :           1000
Steps between two samples:             10
Timestep                 :        0.0000010000
Energy scale             :        1.6883113000
Scattering length        :        0.0043300000
Guiding func. param b0   :        0.4740000000
Guiding func. param b1   :        0.0014000000
Coordinates input file   : final_coords.txt                                  
 
 -----------------------------------------------
 Initial Distribution setted 
 CPU time :    39.9954182058573     
 Typical acceptance ratio :   0.543743203125000     
 
 
                     1                   151   1.68814962331258     
   1.68831130000000     
                     2                   231   1.68819187143234     
  -3319.70132703492     
                     3                   350   1.68816986491504     
  -9887.30537132035     
                     4                   509   1.68817631521262     
  -19380.8067755047     
                     5                   749   1.68819124496644     
  -31892.2063591164     
                     6                  1127   1.68819109853726     
  -47595.6022749355     
                     7                  1635   1.68819409456581     
  -66205.9010758451     
                     8                  2335   1.68818818233162     
  -87600.3333671582     
                     9                  3276   1.68818578993852     
  -111640.166243393     
                    10                  4592   1.68818371207286     
  -138318.221721397     
                    11                  6304   1.68817996494604     
  -167471.813867668     
                    12                  8558   1.68817296635993     
  -199013.547931433     
                    13                 11319   1.68817937609029     
  -232739.783648757     
