 
 
 DMC run started :
 Date : 2022/05/14
 Time : 14:38:52
 
 
 ------------------------------------
 Reading : 
 DMC.in                                                                         
  
 Output will be saved in : 
 DMC_no_ghost.out                                                               
  
 
Number of atoms          :             20
Number of walkers        :            500
Max num of walkers       :           1000
Number of eq. iterations :           1000
Number of samples        :          20000
Steps between two samples:              1
Timestep                 :        0.0010000000
Energy scale             :        5.6883113000
Scattering length        :        0.0043300000
Guiding func. param b0   :        0.4740000000
Guiding func. param b1   :        0.0014000000
Coordinates input file   : final_coords.txt                                  
Equilibration output file: equilibration.out                                 
Meshgrid-side points     :         50
Maximum radius for OBDM  :    2.0000000000
 
 -----------------------------------------------
 Initial Distribution setted 
 CPU time :    1.73586297035217     
 Typical acceptance ratio :   0.518702300000000     
 
 
 --------------------------------------
 Equilibration concluded
 Equilibration time :    11.6833698749542     
 Average equilibration energy   :    1.51322802730925     
 Average acceptance probability :   0.866250776421091     
 Average number of walkers      :    560.426000000000     
 
 
 --------------------------------------
 Sampling procedure completed
 Time taken :    562.563675165176     
 Saving radial distribution function in the out file
 Radial distribution sums to :   0.999644114954886     
 Check sum                   :   0.999644114954886     
 
 
 -----------------------------------------
 Diagonalizing the OBDM (l=0)
  1.602767482090490E-004  1.110734502556213E-003  2.960743600266240E-003
  5.661736127074574E-003  9.078898836784168E-003  1.308324247005872E-002
  1.756492303358089E-002  2.222506777128142E-002  2.699142966330792E-002
  3.164115702416972E-002  3.600124803027670E-002  3.996196450027504E-002
  4.341114821980013E-002  4.616722468743661E-002  4.825084342438161E-002
  4.954794965507855E-002  5.011185407905908E-002  4.999954942929181E-002
  4.917468592359022E-002  4.772707551885576E-002  4.567642601033466E-002
  4.321746185847404E-002  4.033370109334582E-002  3.724582476868046E-002
  3.393189146073475E-002  3.062961440532388E-002  2.737236504120285E-002
  2.418392883644668E-002  2.117388149731694E-002  1.836650959785907E-002
  1.573995497941772E-002  1.336590689153239E-002  1.123536449411275E-002
  9.354284081408766E-003  7.724849142513021E-003  6.320651873210051E-003
  5.100784690985158E-003  4.093346491166349E-003  3.257778016038930E-003
  2.569743134132674E-003  2.008954356501492E-003  1.568008872763899E-003
  1.202791099017759E-003  9.191020783911866E-004  6.903504786449431E-004
  5.172806571079147E-004  3.815535386949008E-004  2.833962625134275E-004
  2.006799320097807E-004  1.459760696688813E-004
 
 Diagonalization completed
 Time in dsyevx :   1.616954803466797E-003
 Number of eigenvalues found :           50
 Largest eigenvalue found :   4.280552466856129E-002
 Saving eigenvalues and eigenvectors of the OBDM in eigenvec.out
 Summing eigenvalues :  0.819865962702479     
 Index of maximum eigenvalue :           49
 PROGRAM COMPLETED CORRECTLY
