 
 
 DMC run started :
 Date : 2022/05/14
 Time : 19:49:24
 
 
 ------------------------------------
 Reading : 
 DMC.in                                                                         
  
 Output will be saved in : 
 DMC.out                                                                        
  
 
Number of atoms          :            128
Number of walkers        :           1000
Max num of walkers       :           2000
Number of eq. iterations :           5000
Number of samples        :           3000
Steps between two samples:             10
Timestep                 :        0.0100000000
Energy scale             :        1.6883113000
Scattering length        :        0.0043300000
Guiding func. param b0   :        0.4740000000
Guiding func. param b1   :        0.0014000000
Coordinates input file   : final_coords.txt                                  
Equilibration output file: equilibration.out                                 
Meshgrid-side points     :         50
Minimum radius for OBDM  :    0.1000000000
Maximum radius for OBDM  :    3.0000000000
 
 -----------------------------------------------
 Initial Distribution setted 
 CPU time :    102.003427982330     
 Typical acceptance ratio :   0.543757320312500     
 
 
 --------------------------------------
 Equilibration concluded
 Equilibration time :    3797.38482379913     
 Average equilibration energy   :    1.68845898450916     
 Average acceptance probability :   0.347661274370856     
 Average number of walkers      :    992.585000000000     
 
 
 --------------------------------------
 Sampling procedure completed
 Time taken :    23753.2859709263     
 Saving radial distribution function in the out file
 Radial distribution sums to :   0.999999808141871     
 Check sum                   :   0.999999808141871     
 
 
 -----------------------------------------
 Diagonalizing the OBDM (l=0)
 
 Diagonalization completed
 Time in dsyevx :   8.001327514648438E-004
 Number of eigenvalues found :           50
 Largest eigenvalue found :   0.902940534219077     
 Saving eigenvalues and eigenvectors of the OBDM in eigenvec.out
 Summing eigenvalues :   1.03044508456420     
 Index of maximum eigenvalue :            1
  0.902940534219077     
  2.983500588145316E-002
  2.915268540353533E-002
  2.841150333266540E-002
  2.674149491574185E-002
  2.557998304805986E-002
  2.352485837782259E-002
  2.097227736808238E-002
  1.994900342849448E-002
  1.683454122229389E-002
  1.407830555809098E-002
  1.341185390359756E-002
  1.073542991915633E-002
  8.285948955188749E-003
  6.257897660693401E-003
  5.664687448625139E-003
  4.590919047260278E-003
  3.320211544964313E-003
  2.363964925189976E-003
  1.646524495844570E-003
  1.124087897295123E-003
  7.579771366169608E-004
  5.023650893307696E-004
  3.263101322322770E-004
  2.102711622463671E-004
  1.327255902860980E-004
  8.139360470493795E-005
  5.036362578092479E-005
  3.059349562750668E-005
  1.784446372643522E-005
  1.029117652906475E-005
  6.110264769154661E-006
  3.500220596697190E-006
  1.980853627792101E-006
  1.120913467600460E-006
  5.720479423487745E-007
  3.228628869811345E-007
  1.418360776606065E-007
 -7.072231043545596E-004
 -2.715043107435866E-003
 -3.948415739801314E-003
 -8.381246630223549E-003
 -1.204630589460298E-002
 -1.509310750286086E-002
 -1.960715458468232E-002
 -2.201208320206982E-002
 -2.561821701124178E-002
 -2.749661482778865E-002
 -2.948510686032346E-002
  0.000000000000000E+000
 PROGRAM COMPLETED CORRECTLY
