 
 
 DMC run started :
 Date : 2022/05/16
 Time : 19:05:02
 
 
 ------------------------------------
 Reading : 
 DMC.in                                                                         
  
 Output will be saved in : 
 DMC_try2.out                                                                   
  
 
Number of atoms          :            128
Number of walkers        :            500
Max num of walkers       :           2000
Number of eq. iterations :          50000
Number of samples        :           6000
Steps between two samples:             30
Timestep                 :        0.0001000000
Energy scale             :       50.6883113000
Scattering length        :        0.0043300000
Guiding func. param b0   :        0.4740000000
Guiding func. param b1   :        0.0014000000
Coordinates input file   : final_coords.txt                                  
Equilibration output file: equilibration_try.out                             
Meshgrid-side points     :         50
Minimum radius for OBDM  :    0.1500000000
Maximum radius for OBDM  :    3.5000000000
 
 -----------------------------------------------
 Initial Distribution setted 
 CPU time :    27.5862410068512     
 Typical acceptance ratio :   0.543934843750000     
 
 
 --------------------------------------
 Equilibration concluded
 Equilibration time :    9537.76408481598     
 Average equilibration energy   :    1.68722596046998     
 Average acceptance probability :   0.898687455555263     
 Average number of walkers      :    501.334540000000     
 
 
 --------------------------------------
 Sampling procedure completed
 Time taken :    37631.6778030396     
 Saving radial distribution function in the out file
 Radial distribution sums to :    1.00000000000000     
 Check sum                   :    1.00000000000000     
 
 
 -----------------------------------------
 Diagonalizing the OBDM (l=0)
 
 Diagonalization completed
 Time in dsyevx :   1.383900642395020E-002
 Number of eigenvalues found :           50
 Largest eigenvalue found :    1.12228898531191     
 Saving eigenvalues and eigenvectors of the OBDM in eigenvec.out
 Summing eigenvalues :   1.05887328226202     
 Index of maximum eigenvalue :            1
   1.12228898531191     
  3.114858938742016E-002
  2.992362846650476E-002
  2.869989974835274E-002
  2.611492883257260E-002
  2.322774218828949E-002
  2.147557728463412E-002
  1.722444429232084E-002
  1.348654310485919E-002
  1.274592946704156E-002
  9.501341505627536E-003
  6.705705484568170E-003
  4.563761664772681E-003
  3.013481928419104E-003
  1.935183867727841E-003
  1.208518288051241E-003
  7.344827528658060E-004
  4.350698537517461E-004
  2.511815708599041E-004
  1.422756475246700E-004
  7.837001310351255E-005
  4.257312926025936E-005
  2.160474545298552E-005
  1.748715985816496E-005
  1.083204154794792E-005
  5.648848801831363E-006
  2.917152639336784E-006
  1.331068103516131E-006
  6.460545756148406E-007
  2.917292485360434E-007
  9.896815189591734E-008
  3.385401903255314E-008
  2.083333061619896E-008
  0.000000000000000E+000
  0.000000000000000E+000
  0.000000000000000E+000
  0.000000000000000E+000
  0.000000000000000E+000
  0.000000000000000E+000
  0.000000000000000E+000
 -7.884825024630615E-003
 -1.358807556486852E-002
 -1.715613929122028E-002
 -2.739034665554607E-002
 -3.285553791910667E-002
 -4.139026964649828E-002
 -4.685892030576100E-002
 -5.266746319196791E-002
 -5.634426638454615E-002
  0.000000000000000E+000
 PROGRAM COMPLETED CORRECTLY
