 
 
 DMC run started :
 Date : 2022/05/28
 Time : 17:19:12
 
 
 ------------------------------------
 Reading : 
 DMC.in                                                                         
  
 Output will be saved in : 
 DMC_long_70.out                                                                
  
 
Number of atoms          :            128
Number of walkers        :           1000
Max num of walkers       :           2000
Number of eq. iterations :          20000
Number of samples        :         100000
Steps between two samples:              1
Timestep                 :        0.0001000000
Energy scale             :        5.6883113000
Scattering length        :        0.0043300000
Guiding func. param b0   :        0.4740000000
Guiding func. param b1   :        0.0010000000
Coordinates input file   : final_coords.txt                                  
Equilibration output file: equilibration_try.out                             
Meshgrid-side points     :         70
Minimum radius for OBDM  :    0.1150000000
Maximum radius for OBDM  :    2.5000000000
 
 -----------------------------------------------
 Initial Distribution setted 
 CPU time :    70.5114998817444     
 Typical acceptance ratio :   0.544416468750000     
 
 
 --------------------------------------
 Equilibration concluded
 Equilibration time :    8723.96884393692     
 Average equilibration energy   :    1.68593076999752     
 Average acceptance probability :   0.896414666090907     
 Average number of walkers      :    1000.95950000000     
 
 
 --------------------------------------
 Sampling procedure completed
 Time taken :    77518.0391550064     
 Saving radial distribution function in the out file
 Radial distribution sums to :   0.999991402857333     
 Check sum                   :   0.999991402857333     
 Ground state energy         :    1.68471642675755     
 
 
 -----------------------------------------
 Diagonalizing the OBDM (l=0)
 
 Diagonalization completed
 Time in dsyevx :   1.945018768310547E-003
 Number of eigenvalues found :           70
 Largest eigenvalue found :   0.874467851924098     
 Saving eigenvalues and eigenvectors of the OBDM in eigenvec.out
 Summing eigenvalues :  0.999987536404063     
 Index of maximum eigenvalue :            1
  0.874467851924098     
  3.228936172203434E-003
  3.228490683074403E-003
  3.214259324060387E-003
  3.183983912844690E-003
  3.182221700832599E-003
  3.152838610086639E-003
  3.098897123485322E-003
  3.093788997080238E-003
  3.061118127392626E-003
  3.003015600847370E-003
  2.972588354873240E-003
  2.931744183293450E-003
  2.923300430825448E-003
  2.856861214127981E-003
  2.790469334973733E-003
  2.758169525080567E-003
  2.734936184998982E-003
  2.663885454339487E-003
  2.643934827322725E-003
  2.595432017624688E-003
  2.553018750586444E-003
  2.528240672156179E-003
  2.516661173187162E-003
  2.467728780749745E-003
  2.440040510008679E-003
  2.403146668707334E-003
  2.370198150157821E-003
  2.350620059711428E-003
  2.315946763290166E-003
  2.306922041796389E-003
  2.279207816108242E-003
  2.276942138621285E-003
  2.265257705736490E-003
  2.249566930868863E-003
  2.243667223438828E-003
  2.229847804254947E-003
  2.227282792911733E-003
  2.218423693710281E-003
  2.217627524763510E-003
  2.213317119724389E-003
  2.207846067761365E-003
  2.077934371236045E-003
  2.010345481929576E-003
  1.985123166206026E-003
  1.786280161521492E-003
  1.738963548702843E-003
  1.488786542008347E-003
  1.253647608507436E-003
  1.041670792353067E-003
  8.528545102231000E-004
  6.907981762146465E-004
  5.506362262279740E-004
  4.350541795898888E-004
  3.416840936926180E-004
  2.657109900658927E-004
  2.040430971732565E-004
  1.554962034094887E-004
  1.179463387624979E-004
  8.874523272450752E-005
  6.571164316215850E-005
  4.885537660992423E-005
  3.603648742256382E-005
  2.661285575566996E-005
  1.960269290068872E-005
  1.406937017756071E-005
  1.013094497714917E-005
  7.298638447617023E-006
  5.263582343539852E-006
  0.000000000000000E+000
 
 ---------------------------
 
 PROGRAM COMPLETED CORRECTLY
 
 ---------------------------
 
