 
 
 DMC run started :
 Date : 2022/05/22
 Time : 11:23:07
 
 
 ------------------------------------
 Reading : 
 DMC.in                                                                         
  
 Output will be saved in : 
 DMC_good2.out                                                                  
  
 
Number of atoms          :            128
Number of walkers        :           1000
Max num of walkers       :           2000
Number of eq. iterations :          20000
Number of samples        :           6000
Steps between two samples:             15
Timestep                 :        0.0001000000
Energy scale             :        5.6883113000
Scattering length        :        0.0043300000
Guiding func. param b0   :        0.4740000000
Guiding func. param b1   :        0.0014000000
Coordinates input file   : final_coords.txt                                  
Equilibration output file: equilibration_try.out                             
Meshgrid-side points     :         99
Minimum radius for OBDM  :    0.0250000000
Maximum radius for OBDM  :    2.5000000000
 
 -----------------------------------------------
 Initial Distribution setted 
 CPU time :    70.7300848960876     
 Typical acceptance ratio :   0.543785390625000     
 
 
 --------------------------------------
 Equilibration concluded
 Equilibration time :    8690.11110591888     
 Average equilibration energy   :    1.68783347833397     
 Average acceptance probability :   0.896602540479063     
 Average number of walkers      :    1001.04005000000     
 
 
 --------------------------------------
 Sampling procedure completed
 Time taken :    44493.4714481831     
 Saving radial distribution function in the out file
 Radial distribution sums to :   0.999992028754957     
 Check sum                   :   0.999992028754957     
 Ground state energy         :    1.68680872354043     
 
 
 -----------------------------------------
 Diagonalizing the OBDM (l=0)
 
 Diagonalization completed
 Time in dsyevx :   4.664897918701172E-003
 Number of eigenvalues found :           99
 Largest eigenvalue found :   0.825302633180197     
 Saving eigenvalues and eigenvectors of the OBDM in eigenvec.out
 Summing eigenvalues :  0.999989443233398     
 Index of maximum eigenvalue :            1
  0.825302633180197     
  3.237941435129565E-003
  3.232667441915971E-003
  3.227413651763822E-003
  3.219907418318568E-003
  3.213280214419689E-003
  3.197828874192066E-003
  3.187553042495517E-003
  3.178907139782083E-003
  3.154831785461054E-003
  3.150726189019348E-003
  3.121394978942149E-003
  3.107374685635045E-003
  3.092235258181142E-003
  3.051850949798762E-003
  3.049583882267615E-003
  3.025186005644609E-003
  3.000423943649078E-003
  2.975591915315379E-003
  2.948283577133282E-003
  2.933968405697596E-003
  2.907248569863574E-003
  2.877796590951220E-003
  2.853494458799899E-003
  2.815157898031551E-003
  2.807902855004207E-003
  2.778828187736559E-003
  2.776100563944506E-003
  2.732634564795555E-003
  2.721115405900476E-003
  2.685489891551485E-003
  2.665143291566308E-003
  2.657088552336151E-003
  2.624912548084612E-003
  2.615354991834073E-003
  2.588737562232546E-003
  2.571710519408743E-003
  2.551733340432794E-003
  2.535566232825803E-003
  2.522087193630007E-003
  2.510283458611817E-003
  2.499632767113069E-003
  2.490480871215062E-003
  2.489063881414344E-003
  2.474272906901165E-003
  2.472246188036431E-003
  2.457335746010925E-003
  2.454268263892279E-003
  2.445151237125520E-003
  2.442003923937230E-003
  2.437790932749428E-003
  2.435752816074332E-003
  2.430255359178957E-003
  2.343496258003563E-003
  2.294659241859009E-003
  2.150366574159013E-003
  2.127756942023495E-003
  1.966857304674274E-003
  1.786453532312104E-003
  1.726298012779126E-003
  1.609217701933230E-003
  1.438251576199034E-003
  1.284359747027786E-003
  1.275008682091516E-003
  1.126213722232317E-003
  9.835270823265185E-004
  8.538471805292769E-004
  8.440042171103945E-004
  7.385845490627263E-004
  6.335634562201209E-004
  5.405624487907490E-004
  4.629198746491925E-004
  4.602541801458360E-004
  3.884287782078832E-004
  3.273251861748427E-004
  2.734612401498193E-004
  2.271942866257648E-004
  1.890071627407286E-004
  1.768950932388158E-004
  1.557171603512320E-004
  1.281710963468852E-004
  1.039014092790724E-004
  8.398226883710169E-005
  6.869853583502117E-005
  5.595432153082669E-005
  4.474932486220329E-005
  3.607785205939074E-005
  2.878867824485098E-005
  2.517030466364645E-005
  2.264824789455222E-005
  1.760182186272274E-005
  1.400230308978845E-005
  1.118779421049876E-005
  8.727404232300451E-006
  6.650449269951508E-006
  5.317577201791046E-006
  4.132607721252235E-006
  3.224498488219041E-006
  0.000000000000000E+000
 
 ---------------------------
 
 PROGRAM COMPLETED CORRECTLY
 
 ---------------------------
 
