 
 
 DMC run started :
 Date : 2022/05/09
 Time : 09:46:24
 
 
 ------------------------------------
 Reading : 
 temp_dmc.in                                                                    
  
 Output will be saved in : 
 temp_dmc.in                                                                    
  
 
Number of atoms          :            128
Number of walkers        :            100
Max num of walkers       :         100000
Number of eq. iterations :          10000
Number of samples        :           1000
Steps between two samples:             10
Timestep                 :        0.0000100000
Energy scale             :       50.6883113000
Scattering length        :        0.0043300000
Guiding func. param b0   :        0.4740000000
Guiding func. param b1   :        0.0014000000
Coordinates input file   : final_coords.txt                                  
Equilibration output file: equilibration_0.out                               
 
 -----------------------------------------------
 Initial Distribution setted 
 CPU time :    10.8797588348389     
 Typical acceptance ratio :   0.543700781250000     
 
 
 --------------------------------------
 Equilibration concluded
 Equilibration time :    796.488301038742     
 Average equilibration energy   :    1.68918326186724     
 Average acceptance probability :   0.955657107211425     
 Average number of walkers      :    99.8896000000000     
 
 
