  0.166666666666667       1.264425805146094E-002  0.000000000000000E+000
  0.000000000000000E+000  0.000000000000000E+000  0.000000000000000E+000
  0.000000000000000E+000  0.000000000000000E+000  0.000000000000000E+000
  0.000000000000000E+000  0.000000000000000E+000  0.333333333333333     
  0.000000000000000E+000  4.261095149104507E-005  5.315391707577845E-005
  0.800715680721030      -6.118366427489735E-002  0.527519587369873     
  0.810189511246886       0.132890201765421       0.101107238475312     
 -8.001690910589218E-002  0.500000000000000       0.000000000000000E+000
  0.000000000000000E+000  3.049624293113023E-004  2.950802021440260E-004
 -0.431835784591169      -0.655171607351382       0.344807801219804     
  0.222677459095235      -0.317592986665157      -0.518474200314910     
  0.666666666666667       0.000000000000000E+000  0.000000000000000E+000
  0.000000000000000E+000  1.831453787076408E-003  1.681670897286379E-003
  0.373174280297947      -0.394508346113346       0.136587742973496     
  0.312103775481666       0.390404978707736       0.833333333333333     
  0.000000000000000E+000  0.000000000000000E+000  0.000000000000000E+000
  0.000000000000000E+000  2.663403503317537E-002  3.244011086617663E-002
 -0.126286109606598       0.278261274786789       0.163666833133988     
  0.122902306283648        1.00000000000000       0.000000000000000E+000
  0.000000000000000E+000  0.000000000000000E+000  0.000000000000000E+000
  0.000000000000000E+000  5.846861464456602E-002 -2.140081922771386E-002
 -0.826221138841501      -0.197859149977277       0.112406902013272     
   1.16666666666667       0.000000000000000E+000  0.000000000000000E+000
  0.000000000000000E+000  0.000000000000000E+000  0.000000000000000E+000
  0.000000000000000E+000  0.143153049827191       5.780619039434361E-002
 -0.320314141975620      -0.555657258138669        1.33333333333333     
  0.000000000000000E+000  0.000000000000000E+000  0.000000000000000E+000
  0.000000000000000E+000  0.000000000000000E+000  0.000000000000000E+000
  0.000000000000000E+000  5.134813562315265E-002  2.577464851645829E-002
  0.311700019589112        1.50000000000000       0.000000000000000E+000
  0.000000000000000E+000  0.000000000000000E+000  0.000000000000000E+000
  0.000000000000000E+000  0.000000000000000E+000  0.000000000000000E+000
  0.000000000000000E+000  0.106214971443786       5.891425617956363E-002
   1.66666666666667       0.000000000000000E+000  0.000000000000000E+000
  0.000000000000000E+000  0.000000000000000E+000  0.000000000000000E+000
  0.000000000000000E+000  0.000000000000000E+000  0.000000000000000E+000
  0.000000000000000E+000  9.360607256480508E-002   1.83333333333333     
  0.000000000000000E+000  0.000000000000000E+000  0.000000000000000E+000
  0.000000000000000E+000  0.000000000000000E+000  0.000000000000000E+000
  0.000000000000000E+000  0.000000000000000E+000  0.000000000000000E+000
  0.000000000000000E+000   2.00000000000000       0.000000000000000E+000
  0.000000000000000E+000  0.000000000000000E+000  0.000000000000000E+000
  0.000000000000000E+000  0.000000000000000E+000  0.000000000000000E+000
  0.000000000000000E+000  0.000000000000000E+000  0.000000000000000E+000
   2.16666666666667       0.000000000000000E+000  0.000000000000000E+000
  0.000000000000000E+000  0.000000000000000E+000  0.000000000000000E+000
  0.000000000000000E+000  0.000000000000000E+000  0.000000000000000E+000
  0.000000000000000E+000  0.000000000000000E+000   2.33333333333333     
  0.000000000000000E+000  0.000000000000000E+000  0.000000000000000E+000
  0.000000000000000E+000  0.000000000000000E+000  0.000000000000000E+000
  0.000000000000000E+000  0.000000000000000E+000  0.000000000000000E+000
  0.000000000000000E+000   2.50000000000000       0.000000000000000E+000
  0.000000000000000E+000  0.000000000000000E+000  0.000000000000000E+000
  0.000000000000000E+000  0.000000000000000E+000  0.000000000000000E+000
  0.000000000000000E+000  0.000000000000000E+000  0.000000000000000E+000
