 
 
 DMC run started :
 Date : 2022/05/08
 Time : 18:32:07
 
 
 ------------------------------------
 Reading : 
 temp_dmc.in                                                                    
  
 Output will be saved in : 
 temp_dmc.in                                                                    
  
 
Number of atoms          :            128
Number of walkers        :            100
Max num of walkers       :         100000
Number of eq. iterations :          10000
Number of samples        :           1000
Steps between two samples:             10
Timestep                 :        0.0001000000
Energy scale             :        1.6883113000
Scattering length        :        0.0043300000
Guiding func. param b0   :        0.4740000000
Guiding func. param b1   :        0.0014000000
Coordinates input file   : final_coords.txt                                  
Equilibration output file: equilibration_3.out                               
 
 -----------------------------------------------
 Initial Distribution setted 
 CPU time :    11.4828429222107     
 Typical acceptance ratio :   0.543733750000000     
 
 
 --------------------------------------
 Equilibration concluded
 Equilibration time :    797.595865011215     
 Average equilibration energy   :    1.68898774873617     
 Average acceptance probability :   0.893642000000000     
 Average number of walkers      :    100.000000000000     
 
 
