 
 
 DMC run started :
 Date : 2022/05/15
 Time : 13:13:40
 
 
 ------------------------------------
 Reading : 
 DMC.in                                                                         
  
 Output will be saved in : 
 DMC_try.out                                                                    
  
 
Number of atoms          :            128
Number of walkers        :            500
Max num of walkers       :           2000
Number of eq. iterations :          50000
Number of samples        :           6000
Steps between two samples:             30
Timestep                 :        0.0001000000
Energy scale             :       50.6883113000
Scattering length        :        0.0043300000
Guiding func. param b0   :        0.4740000000
Guiding func. param b1   :        0.0014000000
Coordinates input file   : final_coords.txt                                  
Equilibration output file: equilibration_try.out                             
Meshgrid-side points     :         30
Minimum radius for OBDM  :    0.2500000000
Maximum radius for OBDM  :    3.5000000000
 
 -----------------------------------------------
 Initial Distribution setted 
 CPU time :    26.9574279785156     
 Typical acceptance ratio :   0.543748625000000     
 
 
 --------------------------------------
 Equilibration concluded
 Equilibration time :    8860.11258196831     
 Average equilibration energy   :    1.68729235139519     
 Average acceptance probability :   0.898625526072593     
 Average number of walkers      :    501.279800000000     
 
 
 --------------------------------------
 Sampling procedure completed
 Time taken :    35542.5392780304     
 Saving radial distribution function in the out file
 Radial distribution sums to :   0.999999999999998     
 Check sum                   :   0.999999999999998     
 
 
 -----------------------------------------
 Diagonalizing the OBDM (l=0)
 
 Diagonalization completed
 Time in dsyevx :   2.005791664123535E-002
 Number of eigenvalues found :           30
 Largest eigenvalue found :    1.64238735806757     
 Saving eigenvalues and eigenvectors of the OBDM in eigenvec.out
 Summing eigenvalues :   1.19225581638756     
 Index of maximum eigenvalue :            1
   1.64238735806757     
  3.723422760762685E-002
  3.416608455481385E-002
  2.580557162664177E-002
  2.139191914960914E-002
  1.607646584245004E-002
  9.208855267437643E-003
  4.789306168056062E-003
  2.290566189984133E-003
  1.013195207838713E-003
  4.201257585648710E-004
  1.638866532230887E-004
  5.898598178055714E-005
  2.052592841750300E-005
  7.001024164732250E-006
  2.156546907827739E-006
  5.157396480992560E-007
  1.015624899736167E-007
  1.041666708445632E-008
  0.000000000000000E+000
  0.000000000000000E+000
  0.000000000000000E+000
  0.000000000000000E+000
 -1.593567849711963E-002
 -6.665905029048091E-002
 -8.193089550868304E-002
 -0.116476455425942     
 -0.145927867037701     
 -0.175851096146407     
  0.000000000000000E+000
 PROGRAM COMPLETED CORRECTLY
